e:\dev\vc\mcast\mcast\debug\mcast.pch
e:\dev\vc\mcast\mcast\debug\vc120.pdb
e:\dev\vc\mcast\mcast\debug\vc120.idb
e:\dev\vc\mcast\mcast\debug\stdafx.obj
e:\dev\vc\mcast\mcast\debug\mcast.obj
e:\dev\vc\mcast\mcast\debug\mcastdlg.obj
e:\dev\vc\mcast\mcast\debug\utils.obj
e:\dev\vc\mcast\debug\mcast.ilk
e:\dev\vc\mcast\debug\mcast.exe
e:\dev\vc\mcast\debug\mcast.pdb
e:\dev\vc\mcast\mcast\debug\mcast.res
e:\gitlocal\vc\mcast\mcast\debug\mcast.obj
e:\gitlocal\vc\mcast\mcast\debug\mcastdlg.obj
e:\gitlocal\vc\mcast\mcast\debug\stdafx.obj
e:\gitlocal\vc\mcast\mcast\debug\utils.obj
e:\gitlocal\vc\mcast\mcast\debug\mcast.res
e:\gitlocal\vc\mcast\mcast\debug\mcast.pch
e:\gitlocal\vc\mcast\mcast\debug\vc120.idb
e:\gitlocal\vc\mcast\mcast\debug\vc120.pdb
e:\gitlocal\vc\mcast\debug\mcast.pdb
e:\gitlocal\vc\mcast\debug\mcast.exe
e:\gitlocal\vc\mcast\debug\mcast.ilk
e:\gitlocal\vc\mcast\mcast\debug\mcast.tlog\cl.command.1.tlog
e:\gitlocal\vc\mcast\mcast\debug\mcast.tlog\cl.read.1.tlog
e:\gitlocal\vc\mcast\mcast\debug\mcast.tlog\cl.write.1.tlog
e:\gitlocal\vc\mcast\mcast\debug\mcast.tlog\link.command.1.tlog
e:\gitlocal\vc\mcast\mcast\debug\mcast.tlog\link.read.1.tlog
e:\gitlocal\vc\mcast\mcast\debug\mcast.tlog\link.write.1.tlog
e:\gitlocal\vc\mcast\mcast\debug\mcast.tlog\rc.command.1.tlog
e:\gitlocal\vc\mcast\mcast\debug\mcast.tlog\rc.read.1.tlog
e:\gitlocal\vc\mcast\mcast\debug\mcast.tlog\rc.write.1.tlog
