e:\gitlocal\vc\elfdump\elfdump\debug\elfdump.pch
e:\gitlocal\vc\elfdump\elfdump\debug\vc120.pdb
e:\gitlocal\vc\elfdump\elfdump\debug\vc120.idb
e:\gitlocal\vc\elfdump\elfdump\debug\stdafx.obj
e:\gitlocal\vc\elfdump\elfdump\debug\elfdump.obj
e:\gitlocal\vc\elfdump\elfdump\debug\elfdumpdlg.obj
e:\gitlocal\vc\elfdump\elfdump\debug\elfdump.res
e:\gitlocal\vc\elfdump\debug\elfdump.pdb
e:\gitlocal\vc\elfdump\elfdump\debug\elfdump.tlog\cl.command.1.tlog
e:\gitlocal\vc\elfdump\elfdump\debug\elfdump.tlog\cl.read.1.tlog
e:\gitlocal\vc\elfdump\elfdump\debug\elfdump.tlog\cl.write.1.tlog
e:\gitlocal\vc\elfdump\elfdump\debug\elfdump.tlog\link-cvtres.read.1.tlog
e:\gitlocal\vc\elfdump\elfdump\debug\elfdump.tlog\link-cvtres.write.1.tlog
e:\gitlocal\vc\elfdump\elfdump\debug\elfdump.tlog\link-mt.read.1.tlog
e:\gitlocal\vc\elfdump\elfdump\debug\elfdump.tlog\link-mt.write.1.tlog
e:\gitlocal\vc\elfdump\elfdump\debug\elfdump.tlog\link-rc.read.1.tlog
e:\gitlocal\vc\elfdump\elfdump\debug\elfdump.tlog\link-rc.write.1.tlog
e:\gitlocal\vc\elfdump\elfdump\debug\elfdump.tlog\link.34764-cvtres.read.1.tlog
e:\gitlocal\vc\elfdump\elfdump\debug\elfdump.tlog\link.34764-cvtres.write.1.tlog
e:\gitlocal\vc\elfdump\elfdump\debug\elfdump.tlog\link.34764-mt.read.1.tlog
e:\gitlocal\vc\elfdump\elfdump\debug\elfdump.tlog\link.34764-mt.write.1.tlog
e:\gitlocal\vc\elfdump\elfdump\debug\elfdump.tlog\link.34764-rc.read.1.tlog
e:\gitlocal\vc\elfdump\elfdump\debug\elfdump.tlog\link.34764-rc.write.1.tlog
e:\gitlocal\vc\elfdump\elfdump\debug\elfdump.tlog\link.34764.read.1.tlog
e:\gitlocal\vc\elfdump\elfdump\debug\elfdump.tlog\link.34764.write.1.tlog
e:\gitlocal\vc\elfdump\elfdump\debug\elfdump.tlog\link.command.1.tlog
e:\gitlocal\vc\elfdump\elfdump\debug\elfdump.tlog\link.read.1.tlog
e:\gitlocal\vc\elfdump\elfdump\debug\elfdump.tlog\link.write.1.tlog
e:\gitlocal\vc\elfdump\elfdump\debug\elfdump.tlog\rc.command.1.tlog
e:\gitlocal\vc\elfdump\elfdump\debug\elfdump.tlog\rc.read.1.tlog
e:\gitlocal\vc\elfdump\elfdump\debug\elfdump.tlog\rc.write.1.tlog
