e:\dev\vc\batchup\batchup\debug\batchup.pch
e:\dev\vc\batchup\batchup\debug\vc120.pdb
e:\dev\vc\batchup\batchup\debug\vc120.idb
e:\dev\vc\batchup\batchup\debug\stdafx.obj
e:\dev\vc\batchup\batchup\debug\batchup.obj
e:\dev\vc\batchup\batchup\debug\bru_cmd.obj
e:\dev\vc\batchup\batchup\debug\colorlistctrl.obj
e:\dev\vc\batchup\batchup\debug\batchupdlg.obj
e:\dev\vc\batchup\debug\batchup.exe
e:\dev\vc\batchup\debug\batchup.pdb
e:\dev\vc\batchup\batchup\debug\batchup.res
e:\dev\vc\batchup\batchup\debug\batchup.tlog\cl.command.1.tlog
e:\dev\vc\batchup\batchup\debug\batchup.tlog\cl.read.1.tlog
e:\dev\vc\batchup\batchup\debug\batchup.tlog\cl.write.1.tlog
e:\dev\vc\batchup\batchup\debug\batchup.tlog\link.command.1.tlog
e:\dev\vc\batchup\batchup\debug\batchup.tlog\link.read.1.tlog
e:\dev\vc\batchup\batchup\debug\batchup.tlog\link.write.1.tlog
e:\dev\vc\batchup\batchup\debug\batchup.tlog\rc.command.1.tlog
e:\dev\vc\batchup\batchup\debug\batchup.tlog\rc.read.1.tlog
e:\dev\vc\batchup\batchup\debug\batchup.tlog\rc.write.1.tlog
